<?xml version="1.0" encoding="UTF-8"?>
<testng-results skipped="0" failed="0" total="2" passed="2">
  <reporter-output>
  </reporter-output>
  <suite name="Command line suite" duration-ms="19" started-at="2017-10-09T13:06:08Z" finished-at="2017-10-09T13:06:08Z">
    <groups>
    </groups>
    <test name="Command line test" duration-ms="19" started-at="2017-10-09T13:06:08Z" finished-at="2017-10-09T13:06:08Z">
      <class name="AutomationTesting.Pavan1.DemoTest">
        <test-method status="PASS" signature="justTest1()[pri:0, instance:AutomationTesting.Pavan1.DemoTest@7a0ac6e3]" name="justTest1" duration-ms="0" started-at="2017-10-09T18:36:08Z" finished-at="2017-10-09T18:36:08Z">
          <reporter-output>
          </reporter-output>
        </test-method> <!-- justTest1 -->
      </class> <!-- AutomationTesting.Pavan1.DemoTest -->
      <class name="AutomationTesting.Pavan1.Demo2Test">
        <test-method status="PASS" signature="justTest1()[pri:0, instance:AutomationTesting.Pavan1.Demo2Test@6108b2d7]" name="justTest1" duration-ms="7" started-at="2017-10-09T18:36:08Z" finished-at="2017-10-09T18:36:08Z">
          <reporter-output>
          </reporter-output>
        </test-method> <!-- justTest1 -->
      </class> <!-- AutomationTesting.Pavan1.Demo2Test -->
    </test> <!-- Command line test -->
  </suite> <!-- Command line suite -->
</testng-results>
