<?xml version="1.0" encoding="UTF-8"?>
<testng-results skipped="0" failed="0" ignored="0" total="1" passed="1">
  <reporter-output>
  </reporter-output>
  <suite name="Default suite" duration-ms="52" started-at="2017-10-09T10:10:38Z" finished-at="2017-10-09T10:10:38Z">
    <groups>
    </groups>
    <test name="Default test" duration-ms="52" started-at="2017-10-09T10:10:38Z" finished-at="2017-10-09T10:10:38Z">
      <class name="AutomationTesting.Pavan1.DemoTest">
        <test-method status="PASS" signature="justTest1()[pri:0, instance:AutomationTesting.Pavan1.DemoTest@5c7fa833]" name="justTest1" duration-ms="13" started-at="2017-10-09T15:40:38Z" finished-at="2017-10-09T15:40:38Z">
          <reporter-output>
          </reporter-output>
        </test-method> <!-- justTest1 -->
      </class> <!-- AutomationTesting.Pavan1.DemoTest -->
    </test> <!-- Default test -->
  </suite> <!-- Default suite -->
</testng-results>
